                                      1 ;--------------------------------------------------------
                                      2 ; File Created by SDCC : free open source ANSI-C Compiler
                                      3 ; Version 4.2.0 #13081 (MINGW64)
                                      4 ;--------------------------------------------------------
                                      5 	.module bios
                                      6 	.optsdcc -mz80
                                      7 	
                                      8 ;--------------------------------------------------------
                                      9 ; Public variables in this module
                                     10 ;--------------------------------------------------------
                                     11 	.globl _Sys_GetPageSlot
                                     12 	.globl _g_SLTSL
                                     13 	.globl _g_GRPACY
                                     14 	.globl _g_GRPACX
                                     15 	.globl _g_LOGOPR
                                     16 	.globl _g_CMASK
                                     17 	.globl _g_CLOC
                                     18 	.globl _g_FNKSTR
                                     19 	.globl _g_ATRBYT
                                     20 	.globl _g_BDRCLR
                                     21 	.globl _g_BAKCLR
                                     22 	.globl _g_FORCLR
                                     23 	.globl _g_CSRX
                                     24 	.globl _g_CSRY
                                     25 	.globl _g_CLIKSW
                                     26 	.globl _g_MLTPAT
                                     27 	.globl _g_MLTATR
                                     28 	.globl _g_MLTCGP
                                     29 	.globl _g_MLTCOL
                                     30 	.globl _g_MLTNAM
                                     31 	.globl _g_GRPPAT
                                     32 	.globl _g_GRPATR
                                     33 	.globl _g_GRPCGP
                                     34 	.globl _g_GRPCOL
                                     35 	.globl _g_GRPNAM
                                     36 	.globl _g_T32PAT
                                     37 	.globl _g_T32ATR
                                     38 	.globl _g_T32CGP
                                     39 	.globl _g_T32COL
                                     40 	.globl _g_T32NAM
                                     41 	.globl _g_TXTPAT
                                     42 	.globl _g_TXTATR
                                     43 	.globl _g_TXTCGP
                                     44 	.globl _g_TXTCOL
                                     45 	.globl _g_TXTNAM
                                     46 	.globl _g_CLMLST
                                     47 	.globl _g_CRTCNT
                                     48 	.globl _g_LINLEN
                                     49 	.globl _g_LINL32
                                     50 	.globl _g_LINL40
                                     51 	.globl _g_BDOS
                                     52 	.globl _g_MASTER
                                     53 	.globl _g_RAMAD3
                                     54 	.globl _g_RAMAD2
                                     55 	.globl _g_RAMAD1
                                     56 	.globl _g_RAMAD0
                                     57 	.globl _g_BREAKV
                                     58 	.globl _g_DISKVE
                                     59 	.globl _g_KANJTABLE
                                     60 	.globl _g_STRSRC
                                     61 	.globl _g_SUBRID
                                     62 	.globl _g_CHAR_16
                                     63 	.globl _g_MSXMID
                                     64 	.globl _g_MSXVER
                                     65 	.globl _g_ROMVersion
                                     66 	.globl _g_BASRVN
                                     67 	.globl _g_VDP_DW
                                     68 	.globl _g_VDP_DR
                                     69 	.globl _g_CGTABL
                                     70 	.globl _g_SVFFFD
                                     71 	.globl _g_RG27SAV
                                     72 	.globl _g_RG26SAV
                                     73 	.globl _g_RG25SAV
                                     74 	.globl _g_SVFFF8
                                     75 	.globl _g_MINROM
                                     76 	.globl _g_RG23SAV
                                     77 	.globl _g_RG22SAV
                                     78 	.globl _g_RG21SAV
                                     79 	.globl _g_RG20SAV
                                     80 	.globl _g_RG19SAV
                                     81 	.globl _g_RG18SAV
                                     82 	.globl _g_RG17SAV
                                     83 	.globl _g_RG16SAV
                                     84 	.globl _g_RG15SAV
                                     85 	.globl _g_RG14SAV
                                     86 	.globl _g_RG13SAV
                                     87 	.globl _g_RG12SAV
                                     88 	.globl _g_RG11SAV
                                     89 	.globl _g_RG10SAV
                                     90 	.globl _g_RG09SAV
                                     91 	.globl _g_RG08SAV
                                     92 	.globl _g_PROCNM
                                     93 	.globl _g_SLTWRK
                                     94 	.globl _g_SLTATR
                                     95 	.globl _g_SLTTBL
                                     96 	.globl _g_EXPTBL
                                     97 	.globl _g_MNROM
                                     98 	.globl _g_DRWANG
                                     99 	.globl _g_DRWSCL
                                    100 	.globl _g_DRWFLG
                                    101 	.globl _g_GYPOS
                                    102 	.globl _g_GXPOS
                                    103 	.globl _g_BRDATR
                                    104 	.globl _g_CASPRV
                                    105 	.globl _g_OLDSCR
                                    106 	.globl _g_SCRMOD
                                    107 	.globl _g_FLBMEM
                                    108 	.globl _g_KANAMD
                                    109 	.globl _g_KANAST
                                    110 	.globl _g_CAPST
                                    111 	.globl _g_CSTYLE
                                    112 	.globl _g_CSRSW
                                    113 	.globl _g_INSFLG
                                    114 	.globl _g_ESCCNT
                                    115 	.globl _g_GRPHED
                                    116 	.globl _g_WINWID
                                    117 	.globl _g_LOWLIM
                                    118 	.globl _g_INTCNT
                                    119 	.globl _g_INTVAL
                                    120 	.globl _g_JIFFY
                                    121 	.globl _g_PADX
                                    122 	.globl _g_PADY
                                    123 	.globl _g_INTFLG
                                    124 	.globl _g_RTYCNT
                                    125 	.globl _g_TRPTBL
                                    126 	.globl _g_HIMEM
                                    127 	.globl _g_BOTTOM
                                    128 	.globl _g_PATWRK
                                    129 	.globl _g_LINWRK
                                    130 	.globl _g_KEYBUF
                                    131 	.globl _g_NEWKEY
                                    132 	.globl _g_OLDKEY
                                    133 	.globl _g_CLIKFL
                                    134 	.globl _g_ONGSBF
                                    135 	.globl _g_FNKFLG
                                    136 	.globl _g_FNKSWI
                                    137 	.globl _g_CODSAV
                                    138 	.globl _g_FSTPOS
                                    139 	.globl _g_LINTTB
                                    140 	.globl _g_BASROM
                                    141 	.globl _g_ENSTOP
                                    142 	.globl _g_VCBC
                                    143 	.globl _g_VCBB
                                    144 	.globl _g_VCBA
                                    145 	.globl _g_PLYCNT
                                    146 	.globl _g_MUSICF
                                    147 	.globl _g_QUEUEN
                                    148 	.globl _g_MCLPTR
                                    149 	.globl _g_MCLLEN
                                    150 	.globl _g_SAVVOL
                                    151 	.globl _g_VOICEN
                                    152 	.globl _g_SAVSP
                                    153 	.globl _g_PRSCNT
                                    154 	.globl _g_LSTMOD
                                    155 	.globl _g_LSTCOM
                                    156 	.globl _g_COMMSK
                                    157 	.globl _g_ESTBLS
                                    158 	.globl _g_FLAGS
                                    159 	.globl _g_ERRORS
                                    160 	.globl _g_DATCNT
                                    161 	.globl _g_DEVNUM
                                    162 	.globl _g_OLDINT
                                    163 	.globl _g_OLDSTT
                                    164 	.globl _g_MEXBIh
                                    165 	.globl _g_RSIQLN
                                    166 	.globl _g_RSFCB
                                    167 	.globl _g_TOCNT
                                    168 	.globl _g_RSTMP
                                    169 	.globl _g_YSAVE
                                    170 	.globl _g_XSAVE
                                    171 	.globl _g_NORUSE
                                    172 	.globl _g_MODE
                                    173 	.globl _g_ROMA
                                    174 	.globl _g_CHRCNT
                                    175 	.globl _g_EXBRSA
                                    176 	.globl _g_AVCSAV
                                    177 	.globl _g_ACPAGE
                                    178 	.globl _g_DPPAGE
                                    179 	.globl _g_RS2IQ
                                    180 	.globl _g_VOICCQ
                                    181 	.globl _g_VOICBQ
                                    182 	.globl _g_VOICAQ
                                    183 	.globl _g_QUEBAK
                                    184 	.globl _g_QUETAB
                                    185 	.globl _g_ASPCT2
                                    186 	.globl _g_ASPCT1
                                    187 	.globl _g_HEADER
                                    188 	.globl _g_HIGH
                                    189 	.globl _g_LOW
                                    190 	.globl _g_CS240
                                    191 	.globl _g_CS120
                                    192 	.globl _g_GETPNT
                                    193 	.globl _g_PUTPNT
                                    194 	.globl _g_REPCNT
                                    195 	.globl _g_SCNCNT
                                    196 	.globl _g_FRCNEW
                                    197 	.globl _g_QUEUES
                                    198 	.globl _g_MINUPD
                                    199 	.globl _g_MAXUPD
                                    200 	.globl _g_TRGFLG
                                    201 	.globl _g_STATFL
                                    202 	.globl _g_RG7SAV
                                    203 	.globl _g_RG6SAV
                                    204 	.globl _g_RG5SAV
                                    205 	.globl _g_RG4SAV
                                    206 	.globl _g_RG3SAV
                                    207 	.globl _g_RG2SAV
                                    208 	.globl _g_RG1SAV
                                    209 	.globl _g_RG0SAV
                                    210 	.globl _g_CNSDFG
                                    211 	.globl _g_USRTAB
                                    212 	.globl _g_CLPRIM
                                    213 	.globl _g_WRPRIM
                                    214 	.globl _g_RDPRIM
                                    215 	.globl _Bios_Exit
                                    216 	.globl _Bios_SetHookCallback
                                    217 	.globl _Bios_InterSlotRead
                                    218 	.globl _Bios_InterSlotWrite
                                    219 	.globl _Bios_InterSlotCall
                                    220 	.globl _Bios_SwitchSlot
                                    221 	.globl _Bios_WriteVDP
                                    222 	.globl _Bios_WriteVRAM
                                    223 	.globl _Bios_FillVRAM
                                    224 	.globl _Bios_TransfertVRAMtoRAM
                                    225 	.globl _Bios_TransfertRAMtoVRAM
                                    226 	.globl _Bios_ChangeColor
                                    227 	.globl _Bios_InitScreen0Ex
                                    228 	.globl _Bios_InitScreen1Ex
                                    229 	.globl _Bios_InitScreen2Ex
                                    230 	.globl _Bios_InitScreen3Ex
                                    231 	.globl _Bios_GetPatternTableAddress
                                    232 	.globl _Bios_GetAttributeTableAddress
                                    233 	.globl _Bios_GraphPrintCharEx
                                    234 	.globl _Bios_WritePSG
                                    235 	.globl _Bios_HasCharacter
                                    236 	.globl _Bios_ClearScreen
                                    237 	.globl _Bios_SetCursorPosition
                                    238 ;--------------------------------------------------------
                                    239 ; special function registers
                                    240 ;--------------------------------------------------------
                         000000A8   241 _g_PortPrimarySlot	=	0x00a8
                         000000A9   242 _g_PortReadKeyboard	=	0x00a9
                         000000AA   243 _g_PortAccessKeyboard	=	0x00aa
                         000000AB   244 _g_PortControl	=	0x00ab
                         00000098   245 _g_VDP_DataPort	=	0x0098
                         00000099   246 _g_VDP_RegPort	=	0x0099
                         00000099   247 _g_VDP_AddrPort	=	0x0099
                         00000099   248 _g_VDP_StatPort	=	0x0099
                         000000A0   249 _g_PSG_RegPort	=	0x00a0
                         000000A1   250 _g_PSG_DataPort	=	0x00a1
                         000000A2   251 _g_PSG_StatPort	=	0x00a2
                         00000010   252 _g_PSG_Ext_RegPort	=	0x0010
                         00000011   253 _g_PSG_Ext_DataPort	=	0x0011
                         00000012   254 _g_PSG_Ext_StatPort	=	0x0012
                         0000007C   255 _g_MSXMusic_IndexPort	=	0x007c
                         0000007D   256 _g_MSXMusic_DataPort	=	0x007d
                         000000C0   257 _g_MSXAudio_IndexPort	=	0x00c0
                         000000C1   258 _g_MSXAudio_DataPort	=	0x00c1
                         000000C2   259 _g_MSXAudio_IndexPort2	=	0x00c2
                         000000C3   260 _g_MSXAudio_DataPort2	=	0x00c3
                         000000B4   261 _g_RTC_AddrPort	=	0x00b4
                         000000B5   262 _g_RTC_DataPort	=	0x00b5
                                    263 ;--------------------------------------------------------
                                    264 ; ram data
                                    265 ;--------------------------------------------------------
                                    266 	.area _DATA
                         0000F3AE   267 _g_LINL40	=	0xf3ae
                         0000F3AF   268 _g_LINL32	=	0xf3af
                         0000F3B0   269 _g_LINLEN	=	0xf3b0
                         0000F3B1   270 _g_CRTCNT	=	0xf3b1
                         0000F3B2   271 _g_CLMLST	=	0xf3b2
                         0000F3B3   272 _g_TXTNAM	=	0xf3b3
                         0000F3B5   273 _g_TXTCOL	=	0xf3b5
                         0000F3B7   274 _g_TXTCGP	=	0xf3b7
                         0000F3B9   275 _g_TXTATR	=	0xf3b9
                         0000F3BB   276 _g_TXTPAT	=	0xf3bb
                         0000F3BD   277 _g_T32NAM	=	0xf3bd
                         0000F3BF   278 _g_T32COL	=	0xf3bf
                         0000F3C1   279 _g_T32CGP	=	0xf3c1
                         0000F3C3   280 _g_T32ATR	=	0xf3c3
                         0000F3C5   281 _g_T32PAT	=	0xf3c5
                         0000F3C7   282 _g_GRPNAM	=	0xf3c7
                         0000F3C9   283 _g_GRPCOL	=	0xf3c9
                         0000F3CB   284 _g_GRPCGP	=	0xf3cb
                         0000F3CD   285 _g_GRPATR	=	0xf3cd
                         0000F3CF   286 _g_GRPPAT	=	0xf3cf
                         0000F3D1   287 _g_MLTNAM	=	0xf3d1
                         0000F3D3   288 _g_MLTCOL	=	0xf3d3
                         0000F3D5   289 _g_MLTCGP	=	0xf3d5
                         0000F3D7   290 _g_MLTATR	=	0xf3d7
                         0000F3D9   291 _g_MLTPAT	=	0xf3d9
                         0000F3DB   292 _g_CLIKSW	=	0xf3db
                         0000F3DC   293 _g_CSRY	=	0xf3dc
                         0000F3DD   294 _g_CSRX	=	0xf3dd
                         0000F3E9   295 _g_FORCLR	=	0xf3e9
                         0000F3EA   296 _g_BAKCLR	=	0xf3ea
                         0000F3EB   297 _g_BDRCLR	=	0xf3eb
                         0000F3F2   298 _g_ATRBYT	=	0xf3f2
                         0000F87F   299 _g_FNKSTR	=	0xf87f
                         0000F92A   300 _g_CLOC	=	0xf92a
                         0000F92C   301 _g_CMASK	=	0xf92c
                         0000FB02   302 _g_LOGOPR	=	0xfb02
                         0000FCB7   303 _g_GRPACX	=	0xfcb7
                         0000FCB9   304 _g_GRPACY	=	0xfcb9
                         0000FFFF   305 _g_SLTSL	=	0xffff
                                    306 ;--------------------------------------------------------
                                    307 ; ram data
                                    308 ;--------------------------------------------------------
                                    309 	.area _INITIALIZED
                                    310 ;--------------------------------------------------------
                                    311 ; absolute external ram data
                                    312 ;--------------------------------------------------------
                                    313 	.area _DABS (ABS)
                                    314 ;--------------------------------------------------------
                                    315 ; global & static initialisations
                                    316 ;--------------------------------------------------------
                                    317 	.area _HOME
                                    318 	.area _GSINIT
                                    319 	.area _GSFINAL
                                    320 	.area _GSINIT
                                    321 ;--------------------------------------------------------
                                    322 ; Home
                                    323 ;--------------------------------------------------------
                                    324 	.area _HOME
                                    325 	.area _HOME
                                    326 ;--------------------------------------------------------
                                    327 ; code
                                    328 ;--------------------------------------------------------
                                    329 	.area _CODE
                                    330 ;C:\Users\Antxiko\Documents\PuyoPuyoVS\MSXgl\engine/src/bios.c:27: void Bios_Exit(u8 ret)
                                    331 ;	---------------------------------
                                    332 ; Function Bios_Exit
                                    333 ; ---------------------------------
    00000000                        334 _Bios_Exit::
                                    335 ;C:\Users\Antxiko\Documents\PuyoPuyoVS\MSXgl\engine/src/bios.c:73: __endasm;
    00000000 CD 00 00         [17]  336 	call	0x0000
                                    337 ;C:\Users\Antxiko\Documents\PuyoPuyoVS\MSXgl\engine/src/bios.c:76: }
    00000003 C9               [10]  338 	ret
                         0000F380   339 _g_RDPRIM	=	0xf380
                         0000F385   340 _g_WRPRIM	=	0xf385
                         0000F38C   341 _g_CLPRIM	=	0xf38c
                         0000F39A   342 _g_USRTAB	=	0xf39a
                         0000F3DE   343 _g_CNSDFG	=	0xf3de
                         0000F3DF   344 _g_RG0SAV	=	0xf3df
                         0000F3E0   345 _g_RG1SAV	=	0xf3e0
                         0000F3E1   346 _g_RG2SAV	=	0xf3e1
                         0000F3E2   347 _g_RG3SAV	=	0xf3e2
                         0000F3E3   348 _g_RG4SAV	=	0xf3e3
                         0000F3E4   349 _g_RG5SAV	=	0xf3e4
                         0000F3E5   350 _g_RG6SAV	=	0xf3e5
                         0000F3E6   351 _g_RG7SAV	=	0xf3e6
                         0000F3E7   352 _g_STATFL	=	0xf3e7
                         0000F3E8   353 _g_TRGFLG	=	0xf3e8
                         0000F3EC   354 _g_MAXUPD	=	0xf3ec
                         0000F3EF   355 _g_MINUPD	=	0xf3ef
                         0000F3F3   356 _g_QUEUES	=	0xf3f3
                         0000F3F5   357 _g_FRCNEW	=	0xf3f5
                         0000F3F6   358 _g_SCNCNT	=	0xf3f6
                         0000F3F7   359 _g_REPCNT	=	0xf3f7
                         0000F3F8   360 _g_PUTPNT	=	0xf3f8
                         0000F3FA   361 _g_GETPNT	=	0xf3fa
                         0000F3FC   362 _g_CS120	=	0xf3fc
                         0000F401   363 _g_CS240	=	0xf401
                         0000F406   364 _g_LOW	=	0xf406
                         0000F408   365 _g_HIGH	=	0xf408
                         0000F40A   366 _g_HEADER	=	0xf40a
                         0000F40B   367 _g_ASPCT1	=	0xf40b
                         0000F40D   368 _g_ASPCT2	=	0xf40d
                         0000F959   369 _g_QUETAB	=	0xf959
                         0000F971   370 _g_QUEBAK	=	0xf971
                         0000F975   371 _g_VOICAQ	=	0xf975
                         0000F9F5   372 _g_VOICBQ	=	0xf9f5
                         0000FA75   373 _g_VOICCQ	=	0xfa75
                         0000FAF5   374 _g_RS2IQ	=	0xfaf5
                         0000FAF5   375 _g_DPPAGE	=	0xfaf5
                         0000FAF6   376 _g_ACPAGE	=	0xfaf6
                         0000FAF7   377 _g_AVCSAV	=	0xfaf7
                         0000FAF8   378 _g_EXBRSA	=	0xfaf8
                         0000FAF9   379 _g_CHRCNT	=	0xfaf9
                         0000FAFA   380 _g_ROMA	=	0xfafa
                         0000FAFC   381 _g_MODE	=	0xfafc
                         0000FAFD   382 _g_NORUSE	=	0xfafd
                         0000FAFE   383 _g_XSAVE	=	0xfafe
                         0000FB00   384 _g_YSAVE	=	0xfb00
                         0000FB03   385 _g_RSTMP	=	0xfb03
                         0000FB03   386 _g_TOCNT	=	0xfb03
                         0000FB04   387 _g_RSFCB	=	0xfb04
                         0000FB06   388 _g_RSIQLN	=	0xfb06
                         0000FB07   389 _g_MEXBIh	=	0xfb07
                         0000FB0C   390 _g_OLDSTT	=	0xfb0c
                         0000FB0C   391 _g_OLDINT	=	0xfb0c
                         0000FB16   392 _g_DEVNUM	=	0xfb16
                         0000FB17   393 _g_DATCNT	=	0xfb17
                         0000FB1A   394 _g_ERRORS	=	0xfb1a
                         0000FB1B   395 _g_FLAGS	=	0xfb1b
                         0000FB1C   396 _g_ESTBLS	=	0xfb1c
                         0000FB1D   397 _g_COMMSK	=	0xfb1d
                         0000FB1E   398 _g_LSTCOM	=	0xfb1e
                         0000FB1F   399 _g_LSTMOD	=	0xfb1f
                         0000FB35   400 _g_PRSCNT	=	0xfb35
                         0000FB36   401 _g_SAVSP	=	0xfb36
                         0000FB38   402 _g_VOICEN	=	0xfb38
                         0000FB39   403 _g_SAVVOL	=	0xfb39
                         0000FB3B   404 _g_MCLLEN	=	0xfb3b
                         0000FB3C   405 _g_MCLPTR	=	0xfb3c
                         0000FB3E   406 _g_QUEUEN	=	0xfb3e
                         0000FB3F   407 _g_MUSICF	=	0xfb3f
                         0000FB40   408 _g_PLYCNT	=	0xfb40
                         0000FB41   409 _g_VCBA	=	0xfb41
                         0000FB66   410 _g_VCBB	=	0xfb66
                         0000FB8B   411 _g_VCBC	=	0xfb8b
                         0000FBB0   412 _g_ENSTOP	=	0xfbb0
                         0000FBB1   413 _g_BASROM	=	0xfbb1
                         0000FBB2   414 _g_LINTTB	=	0xfbb2
                         0000FBCA   415 _g_FSTPOS	=	0xfbca
                         0000FBCC   416 _g_CODSAV	=	0xfbcc
                         0000FBCD   417 _g_FNKSWI	=	0xfbcd
                         0000FBCE   418 _g_FNKFLG	=	0xfbce
                         0000FBD8   419 _g_ONGSBF	=	0xfbd8
                         0000FBD9   420 _g_CLIKFL	=	0xfbd9
                         0000FBDA   421 _g_OLDKEY	=	0xfbda
                         0000FBE5   422 _g_NEWKEY	=	0xfbe5
                         0000FBF0   423 _g_KEYBUF	=	0xfbf0
                         0000FC18   424 _g_LINWRK	=	0xfc18
                         0000FC40   425 _g_PATWRK	=	0xfc40
                         0000FC48   426 _g_BOTTOM	=	0xfc48
                         0000FC4A   427 _g_HIMEM	=	0xfc4a
                         0000FC4C   428 _g_TRPTBL	=	0xfc4c
                         0000FC9A   429 _g_RTYCNT	=	0xfc9a
                         0000FC9B   430 _g_INTFLG	=	0xfc9b
                         0000FC9C   431 _g_PADY	=	0xfc9c
                         0000FC9D   432 _g_PADX	=	0xfc9d
                         0000FC9E   433 _g_JIFFY	=	0xfc9e
                         0000FCA0   434 _g_INTVAL	=	0xfca0
                         0000FCA2   435 _g_INTCNT	=	0xfca2
                         0000FCA4   436 _g_LOWLIM	=	0xfca4
                         0000FCA5   437 _g_WINWID	=	0xfca5
                         0000FCA6   438 _g_GRPHED	=	0xfca6
                         0000FCA7   439 _g_ESCCNT	=	0xfca7
                         0000FCA8   440 _g_INSFLG	=	0xfca8
                         0000FCA9   441 _g_CSRSW	=	0xfca9
                         0000FCAA   442 _g_CSTYLE	=	0xfcaa
                         0000FCAB   443 _g_CAPST	=	0xfcab
                         0000FCAC   444 _g_KANAST	=	0xfcac
                         0000FCAD   445 _g_KANAMD	=	0xfcad
                         0000FCAE   446 _g_FLBMEM	=	0xfcae
                         0000FCAF   447 _g_SCRMOD	=	0xfcaf
                         0000FCB0   448 _g_OLDSCR	=	0xfcb0
                         0000FCB1   449 _g_CASPRV	=	0xfcb1
                         0000FCB2   450 _g_BRDATR	=	0xfcb2
                         0000FCB3   451 _g_GXPOS	=	0xfcb3
                         0000FCB5   452 _g_GYPOS	=	0xfcb5
                         0000FCBB   453 _g_DRWFLG	=	0xfcbb
                         0000FCBC   454 _g_DRWSCL	=	0xfcbc
                         0000FCBD   455 _g_DRWANG	=	0xfcbd
                         0000FCC1   456 _g_MNROM	=	0xfcc1
                         0000FCC1   457 _g_EXPTBL	=	0xfcc1
                         0000FCC5   458 _g_SLTTBL	=	0xfcc5
                         0000FCC9   459 _g_SLTATR	=	0xfcc9
                         0000FD09   460 _g_SLTWRK	=	0xfd09
                         0000FD89   461 _g_PROCNM	=	0xfd89
                         0000FFE7   462 _g_RG08SAV	=	0xffe7
                         0000FFE8   463 _g_RG09SAV	=	0xffe8
                         0000FFE9   464 _g_RG10SAV	=	0xffe9
                         0000FFEA   465 _g_RG11SAV	=	0xffea
                         0000FFEB   466 _g_RG12SAV	=	0xffeb
                         0000FFEC   467 _g_RG13SAV	=	0xffec
                         0000FFED   468 _g_RG14SAV	=	0xffed
                         0000FFEE   469 _g_RG15SAV	=	0xffee
                         0000FFEF   470 _g_RG16SAV	=	0xffef
                         0000FFF0   471 _g_RG17SAV	=	0xfff0
                         0000FFF1   472 _g_RG18SAV	=	0xfff1
                         0000FFF2   473 _g_RG19SAV	=	0xfff2
                         0000FFF3   474 _g_RG20SAV	=	0xfff3
                         0000FFF4   475 _g_RG21SAV	=	0xfff4
                         0000FFF5   476 _g_RG22SAV	=	0xfff5
                         0000FFF6   477 _g_RG23SAV	=	0xfff6
                         0000FFF7   478 _g_MINROM	=	0xfff7
                         0000FFF8   479 _g_SVFFF8	=	0xfff8
                         0000FFFA   480 _g_RG25SAV	=	0xfffa
                         0000FFFB   481 _g_RG26SAV	=	0xfffb
                         0000FFFC   482 _g_RG27SAV	=	0xfffc
                         0000FFFD   483 _g_SVFFFD	=	0xfffd
                         00000004   484 _g_CGTABL	=	0x0004
                         00000006   485 _g_VDP_DR	=	0x0006
                         00000007   486 _g_VDP_DW	=	0x0007
                         0000002B   487 _g_BASRVN	=	0x002b
                         0000002B   488 _g_ROMVersion	=	0x002b
                         0000002D   489 _g_MSXVER	=	0x002d
                         0000002E   490 _g_MSXMID	=	0x002e
                         00000034   491 _g_CHAR_16	=	0x0034
                         00000000   492 _g_SUBRID	=	0x0000
                         00000002   493 _g_STRSRC	=	0x0002
                         0000F30F   494 _g_KANJTABLE	=	0xf30f
                         0000F323   495 _g_DISKVE	=	0xf323
                         0000F325   496 _g_BREAKV	=	0xf325
                         0000F341   497 _g_RAMAD0	=	0xf341
                         0000F342   498 _g_RAMAD1	=	0xf342
                         0000F343   499 _g_RAMAD2	=	0xf343
                         0000F344   500 _g_RAMAD3	=	0xf344
                         0000F348   501 _g_MASTER	=	0xf348
                         0000F37D   502 _g_BDOS	=	0xf37d
    00000004                        503 ___str_0:
    00000004 0A                     504 	.db 0x0a
    00000005 0D                     505 	.db 0x0d
    00000006 24                     506 	.ascii "$"
    00000007 00                     507 	.db 0x00
                                    508 ;C:\Users\Antxiko\Documents\PuyoPuyoVS\MSXgl\engine/src/bios.c:81: void Bios_SetHookCallback(u16 hook, callback cb)
                                    509 ;	---------------------------------
                                    510 ; Function Bios_SetHookCallback
                                    511 ; ---------------------------------
    00000008                        512 _Bios_SetHookCallback::
    00000008 4D               [ 4]  513 	ld	c, l
    00000009 44               [ 4]  514 	ld	b, h
                                    515 ;C:\Users\Antxiko\Documents\PuyoPuyoVS\MSXgl\engine/src/bios.c:83: u8 slot = Sys_GetPageSlot((u16)cb >> 14);
                                    516 ;	spillPairReg hl
                                    517 ;	spillPairReg hl
                                    518 ;	spillPairReg hl
                                    519 ;	spillPairReg hl
    0000000A 7A               [ 4]  520 	ld	a, d
    0000000B 07               [ 4]  521 	rlca
    0000000C 07               [ 4]  522 	rlca
    0000000D E6 03            [ 7]  523 	and	a, #0x03
    0000000F 6F               [ 4]  524 	ld	l, a
                                    525 ;	spillPairReg hl
                                    526 ;	spillPairReg hl
                                    527 ;	spillPairReg hl
                                    528 ;	spillPairReg hl
    00000010 C5               [11]  529 	push	bc
    00000011 D5               [11]  530 	push	de
    00000012 7D               [ 4]  531 	ld	a, l
    00000013 CDr00r00         [17]  532 	call	_Sys_GetPageSlot
    00000016 D1               [10]  533 	pop	de
    00000017 C1               [10]  534 	pop	bc
                                    535 ;C:\Users\Antxiko\Documents\PuyoPuyoVS\MSXgl\engine/src/bios.c:84: Bios_SetHookInterSlotCallback(hook, slot, cb);
                                    536 ;C:\Users\Antxiko\Documents\PuyoPuyoVS\MSXgl\engine/src/bios_hook.h:50: *((u8*)hook) = 0xF7; // RST #30
    00000018 69               [ 4]  537 	ld	l, c
                                    538 ;	spillPairReg hl
                                    539 ;	spillPairReg hl
    00000019 60               [ 4]  540 	ld	h, b
                                    541 ;	spillPairReg hl
                                    542 ;	spillPairReg hl
    0000001A 36 F7            [10]  543 	ld	(hl), #0xf7
                                    544 ;C:\Users\Antxiko\Documents\PuyoPuyoVS\MSXgl\engine/src/bios_hook.h:51: *((u8*)++hook) = slot; // Slot ID
    0000001C 03               [ 6]  545 	inc	bc
    0000001D 69               [ 4]  546 	ld	l, c
                                    547 ;	spillPairReg hl
                                    548 ;	spillPairReg hl
    0000001E 60               [ 4]  549 	ld	h, b
                                    550 ;	spillPairReg hl
                                    551 ;	spillPairReg hl
    0000001F 77               [ 7]  552 	ld	(hl), a
                                    553 ;C:\Users\Antxiko\Documents\PuyoPuyoVS\MSXgl\engine/src/bios_hook.h:52: *((callback*)++hook) = cb; // Callback address
    00000020 03               [ 6]  554 	inc	bc
    00000021 7B               [ 4]  555 	ld	a, e
    00000022 02               [ 7]  556 	ld	(bc), a
    00000023 03               [ 6]  557 	inc	bc
    00000024 7A               [ 4]  558 	ld	a, d
    00000025 02               [ 7]  559 	ld	(bc), a
                                    560 ;C:\Users\Antxiko\Documents\PuyoPuyoVS\MSXgl\engine/src/bios.c:84: Bios_SetHookInterSlotCallback(hook, slot, cb);
                                    561 ;C:\Users\Antxiko\Documents\PuyoPuyoVS\MSXgl\engine/src/bios.c:85: }
    00000026 C9               [10]  562 	ret
                                    563 ;C:\Users\Antxiko\Documents\PuyoPuyoVS\MSXgl\engine/src/bios.c:134: u8 Bios_InterSlotRead(u8 slot, u16 addr) __NAKED
                                    564 ;	---------------------------------
                                    565 ; Function Bios_InterSlotRead
                                    566 ; ---------------------------------
    00000027                        567 _Bios_InterSlotRead::
                                    568 ;C:\Users\Antxiko\Documents\PuyoPuyoVS\MSXgl\engine/src/bios.c:144: __endasm;
    00000027 EB               [ 4]  569 	ex	de, hl
    00000028 CD 0C 00         [17]  570 	call	0x000C
    0000002B FB               [ 4]  571 	ei
    0000002C C9               [10]  572 	ret
                                    573 ;C:\Users\Antxiko\Documents\PuyoPuyoVS\MSXgl\engine/src/bios.c:145: }
                                    574 ;C:\Users\Antxiko\Documents\PuyoPuyoVS\MSXgl\engine/src/bios.c:173: void Bios_InterSlotWrite(u8 slot, u16 addr, u8 value)
                                    575 ;	---------------------------------
                                    576 ; Function Bios_InterSlotWrite
                                    577 ; ---------------------------------
    0000002D                        578 _Bios_InterSlotWrite::
                                    579 ;C:\Users\Antxiko\Documents\PuyoPuyoVS\MSXgl\engine/src/bios.c:190: __endasm;
    0000002D FD E5            [15]  580 	push	iy
    0000002F FD 21 04 00      [14]  581 	ld	iy, #4
    00000033 FD 39            [15]  582 	add	iy, sp
    00000035 6B               [ 4]  583 	ld	l, e
    00000036 62               [ 4]  584 	ld	h, d
    00000037 FD 5E 00         [19]  585 	ld	e, 0(iy)
    0000003A CD 14 00         [17]  586 	call	0x0014
    0000003D FD E1            [14]  587 	pop	iy
    0000003F FB               [ 4]  588 	ei
                                    589 ;C:\Users\Antxiko\Documents\PuyoPuyoVS\MSXgl\engine/src/bios.c:191: }
    00000040 E1               [10]  590 	pop	hl
    00000041 33               [ 6]  591 	inc	sp
    00000042 E9               [ 4]  592 	jp	(hl)
                                    593 ;C:\Users\Antxiko\Documents\PuyoPuyoVS\MSXgl\engine/src/bios.c:210: void Bios_InterSlotCall(u8 slot, u16 addr)
                                    594 ;	---------------------------------
                                    595 ; Function Bios_InterSlotCall
                                    596 ; ---------------------------------
    00000043                        597 _Bios_InterSlotCall::
                                    598 ;C:\Users\Antxiko\Documents\PuyoPuyoVS\MSXgl\engine/src/bios.c:229: __endasm;
    00000043 DD E5            [15]  599 	push	ix
    00000045 2E 00            [ 7]  600 	ld	l, #0
    00000047 67               [ 4]  601 	ld	h, a
    00000048 E5               [11]  602 	push	hl
    00000049 FD E1            [14]  603 	pop	iy
    0000004B D5               [11]  604 	push	de
    0000004C DD E1            [14]  605 	pop	ix
    0000004E CD 1C 00         [17]  606 	call	0x001C
    00000051 FB               [ 4]  607 	ei
    00000052 DD E1            [14]  608 	pop	ix
                                    609 ;C:\Users\Antxiko\Documents\PuyoPuyoVS\MSXgl\engine/src/bios.c:230: }
    00000054 C9               [10]  610 	ret
                                    611 ;C:\Users\Antxiko\Documents\PuyoPuyoVS\MSXgl\engine/src/bios.c:249: void Bios_SwitchSlot(u8 page, u8 slot)
                                    612 ;	---------------------------------
                                    613 ; Function Bios_SwitchSlot
                                    614 ; ---------------------------------
    00000055                        615 _Bios_SwitchSlot::
                                    616 ;C:\Users\Antxiko\Documents\PuyoPuyoVS\MSXgl\engine/src/bios.c:261: __endasm;
    00000055 0F               [ 4]  617 	rrca	
    00000056 0F               [ 4]  618 	rrca 
    00000057 E6 C0            [ 7]  619 	and a, #0xC0
    00000059 44               [ 4]  620 	ld	b, h
    0000005A 67               [ 4]  621 	ld	h, a
    0000005B 78               [ 4]  622 	ld	a, b
    0000005C CD 24 00         [17]  623 	call	0x0024
    0000005F FB               [ 4]  624 	ei
                                    625 ;C:\Users\Antxiko\Documents\PuyoPuyoVS\MSXgl\engine/src/bios.c:262: }
    00000060 C9               [10]  626 	ret
                                    627 ;C:\Users\Antxiko\Documents\PuyoPuyoVS\MSXgl\engine/src/bios.c:342: void Bios_WriteVDP(u8 reg, u8 value)
                                    628 ;	---------------------------------
                                    629 ; Function Bios_WriteVDP
                                    630 ; ---------------------------------
    00000061                        631 _Bios_WriteVDP::
                                    632 ;C:\Users\Antxiko\Documents\PuyoPuyoVS\MSXgl\engine/src/bios.c:351: __endasm;
    00000061 4F               [ 4]  633 	ld	c, a
    00000062 45               [ 4]  634 	ld	b, l
    00000063 CD 47 00         [17]  635 	call	0x0047
                                    636 ;C:\Users\Antxiko\Documents\PuyoPuyoVS\MSXgl\engine/src/bios.c:352: }
    00000066 C9               [10]  637 	ret
                                    638 ;C:\Users\Antxiko\Documents\PuyoPuyoVS\MSXgl\engine/src/bios.c:373: void Bios_WriteVRAM(u16 addr, u8 value)
                                    639 ;	---------------------------------
                                    640 ; Function Bios_WriteVRAM
                                    641 ; ---------------------------------
    00000067                        642 _Bios_WriteVRAM::
                                    643 ;C:\Users\Antxiko\Documents\PuyoPuyoVS\MSXgl\engine/src/bios.c:384: __endasm;
    00000067 FD 21 04 00      [14]  644 	ld	iy, #4
    0000006B FD 39            [15]  645 	add	iy, sp
    0000006D FD 7E 00         [19]  646 	ld	a, 0(iy)
    00000070 CD 4D 00         [17]  647 	call	0x004D
                                    648 ;C:\Users\Antxiko\Documents\PuyoPuyoVS\MSXgl\engine/src/bios.c:385: }
    00000073 E1               [10]  649 	pop	hl
    00000074 33               [ 6]  650 	inc	sp
    00000075 E9               [ 4]  651 	jp	(hl)
                                    652 ;C:\Users\Antxiko\Documents\PuyoPuyoVS\MSXgl\engine/src/bios.c:417: void Bios_FillVRAM(u16 addr, u16 length, u8 value)
                                    653 ;	---------------------------------
                                    654 ; Function Bios_FillVRAM
                                    655 ; ---------------------------------
    00000076                        656 _Bios_FillVRAM::
                                    657 ;C:\Users\Antxiko\Documents\PuyoPuyoVS\MSXgl\engine/src/bios.c:431: __endasm;
    00000076 FD 21 04 00      [14]  658 	ld	iy, #4
    0000007A FD 39            [15]  659 	add	iy, sp
    0000007C 4B               [ 4]  660 	ld	c, e
    0000007D 42               [ 4]  661 	ld	b, d
    0000007E FD 7E 00         [19]  662 	ld	a, 0(iy)
    00000081 CD 56 00         [17]  663 	call	0x0056
                                    664 ;C:\Users\Antxiko\Documents\PuyoPuyoVS\MSXgl\engine/src/bios.c:432: }
    00000084 E1               [10]  665 	pop	hl
    00000085 33               [ 6]  666 	inc	sp
    00000086 E9               [ 4]  667 	jp	(hl)
                                    668 ;C:\Users\Antxiko\Documents\PuyoPuyoVS\MSXgl\engine/src/bios.c:443: void Bios_TransfertVRAMtoRAM(u16 vram, u16 ram, u16 length)
                                    669 ;	---------------------------------
                                    670 ; Function Bios_TransfertVRAMtoRAM
                                    671 ; ---------------------------------
    00000087                        672 _Bios_TransfertVRAMtoRAM::
                                    673 ;C:\Users\Antxiko\Documents\PuyoPuyoVS\MSXgl\engine/src/bios.c:456: __endasm;
    00000087 FD 21 04 00      [14]  674 	ld	iy, #4
    0000008B FD 39            [15]  675 	add	iy, sp
    0000008D FD 4E 00         [19]  676 	ld	c, 0(iy)
    00000090 FD 46 01         [19]  677 	ld	b, 1(iy)
    00000093 CD 59 00         [17]  678 	call	0x0059
                                    679 ;C:\Users\Antxiko\Documents\PuyoPuyoVS\MSXgl\engine/src/bios.c:457: }
    00000096 E1               [10]  680 	pop	hl
    00000097 F1               [10]  681 	pop	af
    00000098 E9               [ 4]  682 	jp	(hl)
                                    683 ;C:\Users\Antxiko\Documents\PuyoPuyoVS\MSXgl\engine/src/bios.c:468: void Bios_TransfertRAMtoVRAM(u16 ram, u16 vram, u16 length)
                                    684 ;	---------------------------------
                                    685 ; Function Bios_TransfertRAMtoVRAM
                                    686 ; ---------------------------------
    00000099                        687 _Bios_TransfertRAMtoVRAM::
                                    688 ;C:\Users\Antxiko\Documents\PuyoPuyoVS\MSXgl\engine/src/bios.c:481: __endasm;
    00000099 FD 21 04 00      [14]  689 	ld	iy, #4
    0000009D FD 39            [15]  690 	add	iy, sp
    0000009F FD 4E 00         [19]  691 	ld	c, 0(iy)
    000000A2 FD 46 01         [19]  692 	ld	b, 1(iy)
    000000A5 CD 5C 00         [17]  693 	call	0x005C
                                    694 ;C:\Users\Antxiko\Documents\PuyoPuyoVS\MSXgl\engine/src/bios.c:482: }
    000000A8 E1               [10]  695 	pop	hl
    000000A9 F1               [10]  696 	pop	af
    000000AA E9               [ 4]  697 	jp	(hl)
                                    698 ;C:\Users\Antxiko\Documents\PuyoPuyoVS\MSXgl\engine/src/bios.c:503: void Bios_ChangeColor(u8 text, u8 back, u8 border)
                                    699 ;	---------------------------------
                                    700 ; Function Bios_ChangeColor
                                    701 ; ---------------------------------
    000000AB                        702 _Bios_ChangeColor::
                                    703 ;C:\Users\Antxiko\Documents\PuyoPuyoVS\MSXgl\engine/src/bios.c:518: __endasm;
    000000AB FD 21 04 00      [14]  704 	ld	iy, #4
    000000AF FD 39            [15]  705 	add	iy, sp
    000000B1 32 E9 F3         [13]  706 	ld	(0xF3E9), a
    000000B4 7D               [ 4]  707 	ld	a, l
    000000B5 32 EA F3         [13]  708 	ld	(0xF3EA), a
    000000B8 FD 7E 00         [19]  709 	ld	a, 0(iy)
    000000BB 32 EB F3         [13]  710 	ld	(0xF3EB), a
    000000BE CD 62 00         [17]  711 	call	0x0062
                                    712 ;C:\Users\Antxiko\Documents\PuyoPuyoVS\MSXgl\engine/src/bios.c:519: }
    000000C1 E1               [10]  713 	pop	hl
    000000C2 33               [ 6]  714 	inc	sp
    000000C3 E9               [ 4]  715 	jp	(hl)
                                    716 ;C:\Users\Antxiko\Documents\PuyoPuyoVS\MSXgl\engine/src/bios.c:545: void Bios_InitScreen0Ex(u16 pnt, u16 pgt, u8 width, u8 text, u8 bg, u8 border)
                                    717 ;	---------------------------------
                                    718 ; Function Bios_InitScreen0Ex
                                    719 ; ---------------------------------
    000000C4                        720 _Bios_InitScreen0Ex::
    000000C4 22 B3 F3         [16]  721 	ld	(_g_TXTNAM), hl
    000000C7 ED 53 B7 F3      [20]  722 	ld	(_g_TXTCGP), de
                                    723 ;C:\Users\Antxiko\Documents\PuyoPuyoVS\MSXgl\engine/src/bios.c:549: g_LINL40 = width;  // Character per line
    000000CB FD 21 02 00      [14]  724 	ld	iy, #2
    000000CF FD 39            [15]  725 	add	iy, sp
    000000D1 FD 7E 00         [19]  726 	ld	a, 0 (iy)
    000000D4 32 AE F3         [13]  727 	ld	(_g_LINL40+0), a
                                    728 ;C:\Users\Antxiko\Documents\PuyoPuyoVS\MSXgl\engine/src/bios.c:550: g_FORCLR = text;   // Text color
    000000D7 FD 7E 01         [19]  729 	ld	a, 1 (iy)
    000000DA FD 23            [10]  730 	inc	iy
    000000DC 32 E9 F3         [13]  731 	ld	(_g_FORCLR+0), a
                                    732 ;C:\Users\Antxiko\Documents\PuyoPuyoVS\MSXgl\engine/src/bios.c:551: g_BAKCLR = bg;     // Background color
    000000DF FD 7E 01         [19]  733 	ld	a, 1 (iy)
    000000E2 FD 23            [10]  734 	inc	iy
    000000E4 32 EA F3         [13]  735 	ld	(_g_BAKCLR+0), a
                                    736 ;C:\Users\Antxiko\Documents\PuyoPuyoVS\MSXgl\engine/src/bios.c:552: g_BDRCLR = border; // Border colour
    000000E7 FD 7E 01         [19]  737 	ld	a, 1 (iy)
    000000EA 32 EB F3         [13]  738 	ld	(_g_BDRCLR+0), a
                                    739 ;C:\Users\Antxiko\Documents\PuyoPuyoVS\MSXgl\engine/src/system.h:234: inline void Call(u16 addr) { ((void(*)(void))addr)(); }
    000000ED CD 6C 00         [17]  740 	call	0x006c
                                    741 ;C:\Users\Antxiko\Documents\PuyoPuyoVS\MSXgl\engine/src/bios.c:553: Call(R_INITXT);
                                    742 ;C:\Users\Antxiko\Documents\PuyoPuyoVS\MSXgl\engine/src/bios.c:554: }
    000000F0 E1               [10]  743 	pop	hl
    000000F1 F1               [10]  744 	pop	af
    000000F2 F1               [10]  745 	pop	af
    000000F3 E9               [ 4]  746 	jp	(hl)
                                    747 ;C:\Users\Antxiko\Documents\PuyoPuyoVS\MSXgl\engine/src/bios.c:570: void Bios_InitScreen1Ex(u16 pnt, u16 ct, u16 pgt, u16 sat, u16 sgt, u8 text, u8 bg, u8 border)
                                    748 ;	---------------------------------
                                    749 ; Function Bios_InitScreen1Ex
                                    750 ; ---------------------------------
    000000F4                        751 _Bios_InitScreen1Ex::
    000000F4 DD E5            [15]  752 	push	ix
    000000F6 DD 21 00 00      [14]  753 	ld	ix,#0
    000000FA DD 39            [15]  754 	add	ix,sp
    000000FC 22 BD F3         [16]  755 	ld	(_g_T32NAM), hl
    000000FF ED 53 BF F3      [20]  756 	ld	(_g_T32COL), de
                                    757 ;C:\Users\Antxiko\Documents\PuyoPuyoVS\MSXgl\engine/src/bios.c:574: g_T32CGP = pgt;    // Address of pattern generator table
    00000103 DD 6E 04         [19]  758 	ld	l, 4 (ix)
    00000106 DD 66 05         [19]  759 	ld	h, 5 (ix)
    00000109 22 C1 F3         [16]  760 	ld	(_g_T32CGP), hl
                                    761 ;C:\Users\Antxiko\Documents\PuyoPuyoVS\MSXgl\engine/src/bios.c:575: g_T32ATR = sat;    // Address of sprite attribute table
    0000010C DD 6E 06         [19]  762 	ld	l, 6 (ix)
    0000010F DD 66 07         [19]  763 	ld	h, 7 (ix)
    00000112 22 C3 F3         [16]  764 	ld	(_g_T32ATR), hl
                                    765 ;C:\Users\Antxiko\Documents\PuyoPuyoVS\MSXgl\engine/src/bios.c:576: g_T32PAT = sgt;    // Address of sprite generator table
    00000115 DD 6E 08         [19]  766 	ld	l, 8 (ix)
    00000118 DD 66 09         [19]  767 	ld	h, 9 (ix)
    0000011B 22 C5 F3         [16]  768 	ld	(_g_T32PAT), hl
                                    769 ;C:\Users\Antxiko\Documents\PuyoPuyoVS\MSXgl\engine/src/bios.c:577: g_FORCLR = text;   // Text color
    0000011E DD 7E 0A         [19]  770 	ld	a, 10 (ix)
    00000121 32 E9 F3         [13]  771 	ld	(_g_FORCLR+0), a
                                    772 ;C:\Users\Antxiko\Documents\PuyoPuyoVS\MSXgl\engine/src/bios.c:578: g_BAKCLR = bg;     // Background color
    00000124 DD 7E 0B         [19]  773 	ld	a, 11 (ix)
    00000127 32 EA F3         [13]  774 	ld	(_g_BAKCLR+0), a
                                    775 ;C:\Users\Antxiko\Documents\PuyoPuyoVS\MSXgl\engine/src/bios.c:579: g_BDRCLR = border; // Border color
    0000012A DD 7E 0C         [19]  776 	ld	a, 12 (ix)
    0000012D 32 EB F3         [13]  777 	ld	(_g_BDRCLR+0), a
                                    778 ;C:\Users\Antxiko\Documents\PuyoPuyoVS\MSXgl\engine/src/system.h:234: inline void Call(u16 addr) { ((void(*)(void))addr)(); }
    00000130 CD 6F 00         [17]  779 	call	0x006f
                                    780 ;C:\Users\Antxiko\Documents\PuyoPuyoVS\MSXgl\engine/src/bios.c:580: Call(R_INIT32);
                                    781 ;C:\Users\Antxiko\Documents\PuyoPuyoVS\MSXgl\engine/src/bios.c:581: }
    00000133 DD E1            [14]  782 	pop	ix
    00000135 E1               [10]  783 	pop	hl
    00000136 FD 21 09 00      [14]  784 	ld	iy, #9
    0000013A FD 39            [15]  785 	add	iy, sp
    0000013C FD F9            [10]  786 	ld	sp, iy
    0000013E E9               [ 4]  787 	jp	(hl)
                                    788 ;C:\Users\Antxiko\Documents\PuyoPuyoVS\MSXgl\engine/src/bios.c:597: void Bios_InitScreen2Ex(u16 pnt, u16 ct, u16 pgt, u16 sat, u16 sgt, u8 text, u8 bg, u8 border)
                                    789 ;	---------------------------------
                                    790 ; Function Bios_InitScreen2Ex
                                    791 ; ---------------------------------
    0000013F                        792 _Bios_InitScreen2Ex::
    0000013F DD E5            [15]  793 	push	ix
    00000141 DD 21 00 00      [14]  794 	ld	ix,#0
    00000145 DD 39            [15]  795 	add	ix,sp
    00000147 22 C7 F3         [16]  796 	ld	(_g_GRPNAM), hl
    0000014A ED 53 C9 F3      [20]  797 	ld	(_g_GRPCOL), de
                                    798 ;C:\Users\Antxiko\Documents\PuyoPuyoVS\MSXgl\engine/src/bios.c:601: g_GRPCGP = pgt;    // Address of pattern generator table
    0000014E DD 6E 04         [19]  799 	ld	l, 4 (ix)
    00000151 DD 66 05         [19]  800 	ld	h, 5 (ix)
    00000154 22 CB F3         [16]  801 	ld	(_g_GRPCGP), hl
                                    802 ;C:\Users\Antxiko\Documents\PuyoPuyoVS\MSXgl\engine/src/bios.c:602: g_GRPATR = sat;    // Address of sprite attribute table
    00000157 DD 6E 06         [19]  803 	ld	l, 6 (ix)
    0000015A DD 66 07         [19]  804 	ld	h, 7 (ix)
    0000015D 22 CD F3         [16]  805 	ld	(_g_GRPATR), hl
                                    806 ;C:\Users\Antxiko\Documents\PuyoPuyoVS\MSXgl\engine/src/bios.c:603: g_GRPPAT = sgt;    // Address of sprite generator table
    00000160 DD 6E 08         [19]  807 	ld	l, 8 (ix)
    00000163 DD 66 09         [19]  808 	ld	h, 9 (ix)
    00000166 22 CF F3         [16]  809 	ld	(_g_GRPPAT), hl
                                    810 ;C:\Users\Antxiko\Documents\PuyoPuyoVS\MSXgl\engine/src/bios.c:604: g_FORCLR = text;   // Text color
    00000169 DD 7E 0A         [19]  811 	ld	a, 10 (ix)
    0000016C 32 E9 F3         [13]  812 	ld	(_g_FORCLR+0), a
                                    813 ;C:\Users\Antxiko\Documents\PuyoPuyoVS\MSXgl\engine/src/bios.c:605: g_BAKCLR = bg;     // Background color
    0000016F DD 7E 0B         [19]  814 	ld	a, 11 (ix)
    00000172 32 EA F3         [13]  815 	ld	(_g_BAKCLR+0), a
                                    816 ;C:\Users\Antxiko\Documents\PuyoPuyoVS\MSXgl\engine/src/bios.c:606: g_BDRCLR = border; // Border color
    00000175 DD 7E 0C         [19]  817 	ld	a, 12 (ix)
    00000178 32 EB F3         [13]  818 	ld	(_g_BDRCLR+0), a
                                    819 ;C:\Users\Antxiko\Documents\PuyoPuyoVS\MSXgl\engine/src/system.h:234: inline void Call(u16 addr) { ((void(*)(void))addr)(); }
    0000017B CD 72 00         [17]  820 	call	0x0072
                                    821 ;C:\Users\Antxiko\Documents\PuyoPuyoVS\MSXgl\engine/src/bios.c:607: Call(R_INIGRP);
                                    822 ;C:\Users\Antxiko\Documents\PuyoPuyoVS\MSXgl\engine/src/bios.c:608: }
    0000017E DD E1            [14]  823 	pop	ix
    00000180 E1               [10]  824 	pop	hl
    00000181 FD 21 09 00      [14]  825 	ld	iy, #9
    00000185 FD 39            [15]  826 	add	iy, sp
    00000187 FD F9            [10]  827 	ld	sp, iy
    00000189 E9               [ 4]  828 	jp	(hl)
                                    829 ;C:\Users\Antxiko\Documents\PuyoPuyoVS\MSXgl\engine/src/bios.c:624: void Bios_InitScreen3Ex(u16 pnt, u16 ct, u16 pgt, u16 sat, u16 sgt, u8 text, u8 bg, u8 border)
                                    830 ;	---------------------------------
                                    831 ; Function Bios_InitScreen3Ex
                                    832 ; ---------------------------------
    0000018A                        833 _Bios_InitScreen3Ex::
    0000018A DD E5            [15]  834 	push	ix
    0000018C DD 21 00 00      [14]  835 	ld	ix,#0
    00000190 DD 39            [15]  836 	add	ix,sp
    00000192 22 D1 F3         [16]  837 	ld	(_g_MLTNAM), hl
    00000195 ED 53 D3 F3      [20]  838 	ld	(_g_MLTCOL), de
                                    839 ;C:\Users\Antxiko\Documents\PuyoPuyoVS\MSXgl\engine/src/bios.c:628: g_MLTCGP = pgt;    // Address of pattern generator table
    00000199 DD 6E 04         [19]  840 	ld	l, 4 (ix)
    0000019C DD 66 05         [19]  841 	ld	h, 5 (ix)
    0000019F 22 D5 F3         [16]  842 	ld	(_g_MLTCGP), hl
                                    843 ;C:\Users\Antxiko\Documents\PuyoPuyoVS\MSXgl\engine/src/bios.c:629: g_MLTATR = sat;    // Address of sprite attribute table
    000001A2 DD 6E 06         [19]  844 	ld	l, 6 (ix)
    000001A5 DD 66 07         [19]  845 	ld	h, 7 (ix)
    000001A8 22 D7 F3         [16]  846 	ld	(_g_MLTATR), hl
                                    847 ;C:\Users\Antxiko\Documents\PuyoPuyoVS\MSXgl\engine/src/bios.c:630: g_MLTPAT = sgt;    // Address of sprite generator table
    000001AB DD 6E 08         [19]  848 	ld	l, 8 (ix)
    000001AE DD 66 09         [19]  849 	ld	h, 9 (ix)
    000001B1 22 D9 F3         [16]  850 	ld	(_g_MLTPAT), hl
                                    851 ;C:\Users\Antxiko\Documents\PuyoPuyoVS\MSXgl\engine/src/bios.c:631: g_FORCLR = text;   // Text color
    000001B4 DD 7E 0A         [19]  852 	ld	a, 10 (ix)
    000001B7 32 E9 F3         [13]  853 	ld	(_g_FORCLR+0), a
                                    854 ;C:\Users\Antxiko\Documents\PuyoPuyoVS\MSXgl\engine/src/bios.c:632: g_BAKCLR = bg;     // Background color
    000001BA DD 7E 0B         [19]  855 	ld	a, 11 (ix)
    000001BD 32 EA F3         [13]  856 	ld	(_g_BAKCLR+0), a
                                    857 ;C:\Users\Antxiko\Documents\PuyoPuyoVS\MSXgl\engine/src/bios.c:633: g_BDRCLR = border; // Border color
    000001C0 DD 7E 0C         [19]  858 	ld	a, 12 (ix)
    000001C3 32 EB F3         [13]  859 	ld	(_g_BDRCLR+0), a
                                    860 ;C:\Users\Antxiko\Documents\PuyoPuyoVS\MSXgl\engine/src/system.h:234: inline void Call(u16 addr) { ((void(*)(void))addr)(); }
    000001C6 CD 75 00         [17]  861 	call	0x0075
                                    862 ;C:\Users\Antxiko\Documents\PuyoPuyoVS\MSXgl\engine/src/bios.c:634: Call(R_INIMLT);
                                    863 ;C:\Users\Antxiko\Documents\PuyoPuyoVS\MSXgl\engine/src/bios.c:635: }
    000001C9 DD E1            [14]  864 	pop	ix
    000001CB E1               [10]  865 	pop	hl
    000001CC FD 21 09 00      [14]  866 	ld	iy, #9
    000001D0 FD 39            [15]  867 	add	iy, sp
    000001D2 FD F9            [10]  868 	ld	sp, iy
    000001D4 E9               [ 4]  869 	jp	(hl)
                                    870 ;C:\Users\Antxiko\Documents\PuyoPuyoVS\MSXgl\engine/src/bios.c:676: u16 Bios_GetPatternTableAddress(u8 id) __NAKED __FASTCALL
                                    871 ;	---------------------------------
                                    872 ; Function Bios_GetPatternTableAddress
                                    873 ; ---------------------------------
    000001D5                        874 _Bios_GetPatternTableAddress::
                                    875 ;C:\Users\Antxiko\Documents\PuyoPuyoVS\MSXgl\engine/src/bios.c:684: __endasm;
    000001D5 7D               [ 4]  876 	ld	a, l
    000001D6 CD 84 00         [17]  877 	call	0x0084
    000001D9 C9               [10]  878 	ret
                                    879 ;C:\Users\Antxiko\Documents\PuyoPuyoVS\MSXgl\engine/src/bios.c:685: }
                                    880 ;C:\Users\Antxiko\Documents\PuyoPuyoVS\MSXgl\engine/src/bios.c:694: u16 Bios_GetAttributeTableAddress(u8 id) __NAKED __FASTCALL
                                    881 ;	---------------------------------
                                    882 ; Function Bios_GetAttributeTableAddress
                                    883 ; ---------------------------------
    000001DA                        884 _Bios_GetAttributeTableAddress::
                                    885 ;C:\Users\Antxiko\Documents\PuyoPuyoVS\MSXgl\engine/src/bios.c:702: __endasm;
    000001DA 7D               [ 4]  886 	ld	a, l
    000001DB CD 87 00         [17]  887 	call	0x0087
    000001DE C9               [10]  888 	ret
                                    889 ;C:\Users\Antxiko\Documents\PuyoPuyoVS\MSXgl\engine/src/bios.c:703: }
                                    890 ;C:\Users\Antxiko\Documents\PuyoPuyoVS\MSXgl\engine/src/bios.c:727: void Bios_GraphPrintCharEx(u8 chr, u16 x, u8 y, u8 color, u8 op)
                                    891 ;	---------------------------------
                                    892 ; Function Bios_GraphPrintCharEx
                                    893 ; ---------------------------------
    000001DF                        894 _Bios_GraphPrintCharEx::
    000001DF 4F               [ 4]  895 	ld	c, a
                                    896 ;C:\Users\Antxiko\Documents\PuyoPuyoVS\MSXgl\engine/src/bios.c:729: g_GRPACX = x;
    000001E0 21 B7 FC         [10]  897 	ld	hl, #_g_GRPACX
    000001E3 73               [ 7]  898 	ld	(hl), e
                                    899 ;C:\Users\Antxiko\Documents\PuyoPuyoVS\MSXgl\engine/src/bios.c:730: g_GRPACY = y;
    000001E4 FD 21 02 00      [14]  900 	ld	iy, #2
    000001E8 FD 39            [15]  901 	add	iy, sp
    000001EA FD 7E 00         [19]  902 	ld	a, 0 (iy)
    000001ED 32 B9 FC         [13]  903 	ld	(_g_GRPACY+0), a
                                    904 ;C:\Users\Antxiko\Documents\PuyoPuyoVS\MSXgl\engine/src/bios.c:731: g_ATRBYT = color;
    000001F0 FD 7E 01         [19]  905 	ld	a, 1 (iy)
    000001F3 FD 23            [10]  906 	inc	iy
    000001F5 32 F2 F3         [13]  907 	ld	(_g_ATRBYT+0), a
                                    908 ;C:\Users\Antxiko\Documents\PuyoPuyoVS\MSXgl\engine/src/bios.c:732: g_LOGOPR = op;
    000001F8 FD 7E 01         [19]  909 	ld	a, 1 (iy)
    000001FB 32 02 FB         [13]  910 	ld	(_g_LOGOPR+0), a
                                    911 ;C:\Users\Antxiko\Documents\PuyoPuyoVS\MSXgl\engine/src/bios.h:271: inline void Bios_GraphPrintChar(u8 chr) { ((void(*)(u8))R_GRPPRT)(chr); }
    000001FE 79               [ 4]  912 	ld	a, c
    000001FF CD 8D 00         [17]  913 	call	0x008d
                                    914 ;C:\Users\Antxiko\Documents\PuyoPuyoVS\MSXgl\engine/src/bios.c:733: Bios_GraphPrintChar(chr);
                                    915 ;C:\Users\Antxiko\Documents\PuyoPuyoVS\MSXgl\engine/src/bios.c:734: }
    00000202 E1               [10]  916 	pop	hl
    00000203 F1               [10]  917 	pop	af
    00000204 33               [ 6]  918 	inc	sp
    00000205 E9               [ 4]  919 	jp	(hl)
                                    920 ;C:\Users\Antxiko\Documents\PuyoPuyoVS\MSXgl\engine/src/bios.c:762: void Bios_WritePSG(u8 reg, u8 value)
                                    921 ;	---------------------------------
                                    922 ; Function Bios_WritePSG
                                    923 ; ---------------------------------
    00000206                        924 _Bios_WritePSG::
                                    925 ;C:\Users\Antxiko\Documents\PuyoPuyoVS\MSXgl\engine/src/bios.c:770: __endasm;	
    00000206 5D               [ 4]  926 	ld	e, l
    00000207 CD 93 00         [17]  927 	call	0x0093
                                    928 ;C:\Users\Antxiko\Documents\PuyoPuyoVS\MSXgl\engine/src/bios.c:771: }
    0000020A C9               [10]  929 	ret
                                    930 ;C:\Users\Antxiko\Documents\PuyoPuyoVS\MSXgl\engine/src/bios.c:806: u8 Bios_HasCharacter() __NAKED __FASTCALL
                                    931 ;	---------------------------------
                                    932 ; Function Bios_HasCharacter
                                    933 ; ---------------------------------
    0000020B                        934 _Bios_HasCharacter::
                                    935 ;C:\Users\Antxiko\Documents\PuyoPuyoVS\MSXgl\engine/src/bios.c:815: __endasm;
    0000020B 2E 00            [ 7]  936 	ld	l, #0
    0000020D CD 9C 00         [17]  937 	call	0x009C
    00000210 C8               [11]  938 	ret	z
    00000211 CD 9F 00         [17]  939 	call	0x009F
    00000214 6F               [ 4]  940 	ld	l, a
    00000215 C9               [10]  941 	ret
                                    942 ;C:\Users\Antxiko\Documents\PuyoPuyoVS\MSXgl\engine/src/bios.c:816: }
                                    943 ;C:\Users\Antxiko\Documents\PuyoPuyoVS\MSXgl\engine/src/bios.c:917: void Bios_ClearScreen()
                                    944 ;	---------------------------------
                                    945 ; Function Bios_ClearScreen
                                    946 ; ---------------------------------
    00000216                        947 _Bios_ClearScreen::
                                    948 ;C:\Users\Antxiko\Documents\PuyoPuyoVS\MSXgl\engine/src/bios.c:922: __endasm;
    00000216 AF               [ 4]  949 	xor	a, a
    00000217 CD C3 00         [17]  950 	call	0x00C3
                                    951 ;C:\Users\Antxiko\Documents\PuyoPuyoVS\MSXgl\engine/src/bios.c:923: }
    0000021A C9               [10]  952 	ret
                                    953 ;C:\Users\Antxiko\Documents\PuyoPuyoVS\MSXgl\engine/src/bios.c:932: void Bios_SetCursorPosition(u8 X, u8 Y)
                                    954 ;	---------------------------------
                                    955 ; Function Bios_SetCursorPosition
                                    956 ; ---------------------------------
    0000021B                        957 _Bios_SetCursorPosition::
                                    958 ;C:\Users\Antxiko\Documents\PuyoPuyoVS\MSXgl\engine/src/bios.c:940: __endasm;	
    0000021B 67               [ 4]  959 	ld	h, a
    0000021C CD C6 00         [17]  960 	call	0x00C6
                                    961 ;C:\Users\Antxiko\Documents\PuyoPuyoVS\MSXgl\engine/src/bios.c:941: }
    0000021F C9               [10]  962 	ret
                                    963 	.area _CODE
                                    964 	.area _INITIALIZER
                                    965 	.area _CABS (ABS)
